{
  "stats": {
    "suites": 1,
    "tests": 1,
    "passes": 1,
    "pending": 0,
    "failures": 0,
    "start": "2025-04-24T18:42:32.333Z",
    "end": "2025-04-24T18:42:36.734Z",
    "duration": 4401,
    "testsRegistered": 1,
    "passPercent": 100,
    "pendingPercent": 0,
    "other": 0,
    "hasOther": false,
    "skipped": 0,
    "hasSkipped": false
  },
  "results": [
    {
      "uuid": "d8e63fa8-8462-41c4-8023-d2e4b4e0ab2b",
      "title": "",
      "fullFile": "cypress/e2e/test2.cy.js",
      "file": "cypress/e2e/test2.cy.js",
      "beforeHooks": [],
      "afterHooks": [],
      "tests": [],
      "suites": [
        {
          "uuid": "7fae9aa7-c827-4ad8-a1b3-dd52d527eb1e",
          "title": "test2",
          "fullFile": "",
          "file": "",
          "beforeHooks": [],
          "afterHooks": [],
          "tests": [
            {
              "title": "ska återskapa inspelat flöde",
              "fullTitle": "test2 ska återskapa inspelat flöde",
              "timedOut": null,
              "duration": 3323,
              "state": "passed",
              "speed": "fast",
              "pass": true,
              "fail": false,
              "pending": false,
              "context": null,
              "code": "cy.viewport(632, 1508);\ncy.visit('https://www.aftonbladet.se/');",
              "err": {},
              "uuid": "0314500d-ae95-4524-a69a-84f6387ca220",
              "parentUUID": "7fae9aa7-c827-4ad8-a1b3-dd52d527eb1e",
              "isHook": false,
              "skipped": false
            }
          ],
          "suites": [],
          "passes": [
            "0314500d-ae95-4524-a69a-84f6387ca220"
          ],
          "failures": [],
          "pending": [],
          "skipped": [],
          "duration": 3323,
          "root": false,
          "rootEmpty": false,
          "_timeout": 2000
        }
      ],
      "passes": [],
      "failures": [],
      "pending": [],
      "skipped": [],
      "duration": 0,
      "root": true,
      "rootEmpty": true,
      "_timeout": 2000
    }
  ],
  "meta": {
    "mocha": {
      "version": "7.2.0"
    },
    "mochawesome": {
      "options": {
        "quiet": false,
        "reportFilename": "mochawesome",
        "saveHtml": false,
        "saveJson": true,
        "consoleReporter": "spec",
        "useInlineDiffs": false,
        "code": true
      },
      "version": "7.1.3"
    },
    "marge": {
      "options": {
        "reportDir": "cypress/reports",
        "overwrite": false,
        "html": false,
        "json": true
      },
      "version": "6.2.0"
    }
  }
}