{
  "stats": {
    "suites": 1,
    "tests": 1,
    "passes": 1,
    "pending": 0,
    "failures": 0,
    "start": "2025-04-24T18:42:29.346Z",
    "end": "2025-04-24T18:42:31.233Z",
    "duration": 1887,
    "testsRegistered": 1,
    "passPercent": 100,
    "pendingPercent": 0,
    "other": 0,
    "hasOther": false,
    "skipped": 0,
    "hasSkipped": false
  },
  "results": [
    {
      "uuid": "15e6879c-2310-43c4-869a-ec3a01fdfa66",
      "title": "",
      "fullFile": "cypress/e2e/test1.cy.js",
      "file": "cypress/e2e/test1.cy.js",
      "beforeHooks": [],
      "afterHooks": [],
      "tests": [],
      "suites": [
        {
          "uuid": "61e504cd-2a64-4733-87f1-e820d296c055",
          "title": "test1",
          "fullFile": "",
          "file": "",
          "beforeHooks": [],
          "afterHooks": [],
          "tests": [
            {
              "title": "ska återskapa inspelat flöde",
              "fullTitle": "test1 ska återskapa inspelat flöde",
              "timedOut": null,
              "duration": 749,
              "state": "passed",
              "speed": "fast",
              "pass": true,
              "fail": false,
              "pending": false,
              "context": null,
              "code": "cy.viewport(946, 1508);\ncy.visit('https://www.expressen.se/');",
              "err": {},
              "uuid": "20ef79ca-d7a6-4529-92ec-cd309ffdde05",
              "parentUUID": "61e504cd-2a64-4733-87f1-e820d296c055",
              "isHook": false,
              "skipped": false
            }
          ],
          "suites": [],
          "passes": [
            "20ef79ca-d7a6-4529-92ec-cd309ffdde05"
          ],
          "failures": [],
          "pending": [],
          "skipped": [],
          "duration": 749,
          "root": false,
          "rootEmpty": false,
          "_timeout": 2000
        }
      ],
      "passes": [],
      "failures": [],
      "pending": [],
      "skipped": [],
      "duration": 0,
      "root": true,
      "rootEmpty": true,
      "_timeout": 2000
    }
  ],
  "meta": {
    "mocha": {
      "version": "7.2.0"
    },
    "mochawesome": {
      "options": {
        "quiet": false,
        "reportFilename": "mochawesome",
        "saveHtml": false,
        "saveJson": true,
        "consoleReporter": "spec",
        "useInlineDiffs": false,
        "code": true
      },
      "version": "7.1.3"
    },
    "marge": {
      "options": {
        "reportDir": "cypress/reports",
        "overwrite": false,
        "html": false,
        "json": true
      },
      "version": "6.2.0"
    }
  }
}