{
  "stats": {
    "suites": 1,
    "tests": 1,
    "passes": 1,
    "pending": 0,
    "failures": 0,
    "start": "2025-04-24T18:27:09.729Z",
    "end": "2025-04-24T18:27:12.413Z",
    "duration": 2684,
    "testsRegistered": 1,
    "passPercent": 100,
    "pendingPercent": 0,
    "other": 0,
    "hasOther": false,
    "skipped": 0,
    "hasSkipped": false
  },
  "results": [
    {
      "uuid": "21b8d270-0fed-4083-9037-270d0375eac4",
      "title": "",
      "fullFile": "cypress/e2e/test2.cy.js",
      "file": "cypress/e2e/test2.cy.js",
      "beforeHooks": [],
      "afterHooks": [],
      "tests": [],
      "suites": [
        {
          "uuid": "bef5e063-a8ba-4ce7-94d7-95f593cbdf5c",
          "title": "test2",
          "fullFile": "",
          "file": "",
          "beforeHooks": [],
          "afterHooks": [],
          "tests": [
            {
              "title": "ska återskapa inspelat flöde",
              "fullTitle": "test2 ska återskapa inspelat flöde",
              "timedOut": null,
              "duration": 1610,
              "state": "passed",
              "speed": "fast",
              "pass": true,
              "fail": false,
              "pending": false,
              "context": null,
              "code": "cy.viewport(632, 1508);\ncy.visit('https://www.aftonbladet.se/');",
              "err": {},
              "uuid": "1a2e4e30-e6a5-4e91-9402-9b6a2ec0ba36",
              "parentUUID": "bef5e063-a8ba-4ce7-94d7-95f593cbdf5c",
              "isHook": false,
              "skipped": false
            }
          ],
          "suites": [],
          "passes": [
            "1a2e4e30-e6a5-4e91-9402-9b6a2ec0ba36"
          ],
          "failures": [],
          "pending": [],
          "skipped": [],
          "duration": 1610,
          "root": false,
          "rootEmpty": false,
          "_timeout": 2000
        }
      ],
      "passes": [],
      "failures": [],
      "pending": [],
      "skipped": [],
      "duration": 0,
      "root": true,
      "rootEmpty": true,
      "_timeout": 2000
    }
  ],
  "meta": {
    "mocha": {
      "version": "7.2.0"
    },
    "mochawesome": {
      "options": {
        "quiet": false,
        "reportFilename": "mochawesome",
        "saveHtml": false,
        "saveJson": true,
        "consoleReporter": "spec",
        "useInlineDiffs": false,
        "code": true
      },
      "version": "7.1.3"
    },
    "marge": {
      "options": {
        "reportDir": "cypress/reports",
        "overwrite": false,
        "html": false,
        "json": true
      },
      "version": "6.2.0"
    }
  }
}